<?xml version="1.0" encoding="UTF-8" ?>
<testsuite errors="0" failures="0" hostname="Akin" name="OrderTest" skipped="0" tests="17" time="1.648" timestamp="2017-05-08T14:31:41">
  <properties>
[...]
</properties>
  <testcase classname="OrderTest" name="testUpdateQuantity" time="0.01" />
  <testcase classname="OrderTest" name="testGetClientName" time="0.0" />
  <testcase classname="OrderTest" name="testGetAndSetRiskColumn" time="0.007" />
  <testcase classname="OrderTest" name="testGetCurrentShareValue" time="0.002" />
  <testcase classname="OrderTest" name="testGetAndSetQuantityColumn" time="0.001" />
  <testcase classname="OrderTest" name="testGetOpeningPrice" time="0.0" />
  <testcase classname="OrderTest" name="testGetAndSetPriceColumn" time="0.014" />
  <testcase classname="OrderTest" name="testGetQuantity" time="0.0" />
  <testcase classname="OrderTest" name="testGetAndSetClosingPrice" time="0.0" />
  <testcase classname="OrderTest" name="testGetOrderType" time="0.001" />
  <testcase classname="OrderTest" name="testGetClient" time="0.001" />
  <testcase classname="OrderTest" name="testGetAndSetOrderTypeColumn" time="0.001" />
  <testcase classname="OrderTest" name="testGetAndSetClientColumn" time="0.0" />
  <testcase classname="OrderTest" name="testGetCompany" time="0.001" />
  <testcase classname="OrderTest" name="testFullyCompleted" time="0.001" />
  <testcase classname="OrderTest" name="testGetCompanyName" time="0.001" />
  <testcase classname="OrderTest" name="testGetAndSetCompanyColumn" time="0.001" />
  <system-out><![CDATA[]]></system-out>
  <system-err><![CDATA[]]></system-err>
</testsuite>
