<?xml version="1.0" encoding="UTF-8" ?>
<testsuites>
  <testsuite errors="0" failures="0" hostname="Akin" id="0" name="ClientTest" package="" skipped="0" tests="18" time="0.53" timestamp="2017-05-08T14:31:07">
      <properties>
[...]
</properties>

      <testcase classname="ClientTest" name="testSetGetRisk" time="0.004" />

      <testcase classname="ClientTest" name="testCalculateNetWorth" time="0.003" />

      <testcase classname="ClientTest" name="testGetNetWorth" time="0.0" />

      <testcase classname="ClientTest" name="testCalculateInvestment" time="0.001" />

      <testcase classname="ClientTest" name="testUpdateCash" time="0.0" />

      <testcase classname="ClientTest" name="testShareSize" time="0.003" />

      <testcase classname="ClientTest" name="testGetInvestment" time="0.001" />

      <testcase classname="ClientTest" name="testGetName" time="0.001" />

      <testcase classname="ClientTest" name="testSetExpectedReturn" time="0.0" />

      <testcase classname="ClientTest" name="testSetGetBuySellAmount" time="0.002" />

      <testcase classname="ClientTest" name="testInitialShare" time="0.0" />

      <testcase classname="ClientTest" name="testGetCashHolding" time="0.0" />

      <testcase classname="ClientTest" name="testHasShare" time="0.0" />

      <testcase classname="ClientTest" name="testSetGetBuySellMax" time="0.0" />

      <testcase classname="ClientTest" name="testGetExpectedReturn" time="0.001" />

      <testcase classname="ClientTest" name="testSetName" time="0.0" />

      <testcase classname="ClientTest" name="testNewShare" time="0.002" />

      <testcase classname="ClientTest" name="testGetPortfolio" time="0.001" />

      <system-out><![CDATA[]]></system-out>

      <system-err><![CDATA[]]></system-err>

  </testsuite>
  <testsuite errors="0" failures="0" hostname="Akin" id="1" name="CompanyTest" package="" skipped="0" tests="25" time="0.499" timestamp="2017-05-08T14:31:34">
      <properties>
[...]
</properties>

      <testcase classname="CompanyTest" name="testGetFinalBuyCount" time="0.005" />

      <testcase classname="CompanyTest" name="testEndEvent" time="0.0" />

      <testcase classname="CompanyTest" name="testGetAndSetNetWorth" time="0.001" />

      <testcase classname="CompanyTest" name="testGetShareValueList" time="0.001" />

      <testcase classname="CompanyTest" name="testEvent" time="0.001" />

      <testcase classname="CompanyTest" name="testGetAndSetSellCount" time="0.0" />

      <testcase classname="CompanyTest" name="testGetShareType" time="0.001" />

      <testcase classname="CompanyTest" name="testGetName" time="0.001" />

      <testcase classname="CompanyTest" name="testGetRisk" time="0.0" />

      <testcase classname="CompanyTest" name="testSetOrderTypeAndTriggerEvent" time="0.001" />

      <testcase classname="CompanyTest" name="testGetShareCount" time="0.001" />

      <testcase classname="CompanyTest" name="testClearSellCount" time="0.001" />

      <testcase classname="CompanyTest" name="testClearBuyCount" time="0.001" />

      <testcase classname="CompanyTest" name="testUpdateShareCount" time="0.001" />

      <testcase classname="CompanyTest" name="testUpdateShareValue" time="0.001" />

      <testcase classname="CompanyTest" name="testGetAndSetCompanyTrend" time="0.001" />

      <testcase classname="CompanyTest" name="testGetAndSetBuyCount" time="0.002" />

      <testcase classname="CompanyTest" name="testGetFinalSellCount" time="0.001" />

      <testcase classname="CompanyTest" name="testClearAndSetFinalCount" time="0.001" />

      <testcase classname="CompanyTest" name="testGetOrderType" time="0.001" />

      <testcase classname="CompanyTest" name="testGetAndSetCurrentShareValue" time="0.0" />

      <testcase classname="CompanyTest" name="testSetName" time="0.0" />

      <testcase classname="CompanyTest" name="testSetRisk" time="0.001" />

      <testcase classname="CompanyTest" name="testGetAndSetEventEnd" time="0.0" />

      <testcase classname="CompanyTest" name="testIsEventTriggered" time="0.001" />

      <system-out><![CDATA[]]></system-out>

      <system-err><![CDATA[]]></system-err>

  </testsuite>
  <testsuite errors="0" failures="0" hostname="Akin" id="2" name="EventsTest" package="" skipped="0" tests="5" time="0.88" timestamp="2017-05-08T14:31:37">
      <properties>
[...]
</properties>

      <testcase classname="EventsTest" name="testTrigger" time="0.005" />

      <testcase classname="EventsTest" name="testGetDate" time="0.002" />

      <testcase classname="EventsTest" name="testGetTime" time="0.001" />

      <testcase classname="EventsTest" name="testGetEventText" time="0.001" />

      <testcase classname="EventsTest" name="testGetEventType" time="0.009" />

      <system-out><![CDATA[]]></system-out>

      <system-err><![CDATA[]]></system-err>

  </testsuite>
  <testsuite errors="0" failures="0" hostname="Akin" id="3" name="OrderTest" package="" skipped="0" tests="17" time="1.648" timestamp="2017-05-08T14:31:41">
      <properties>
[...]
</properties>

      <testcase classname="OrderTest" name="testUpdateQuantity" time="0.01" />

      <testcase classname="OrderTest" name="testGetClientName" time="0.0" />

      <testcase classname="OrderTest" name="testGetAndSetRiskColumn" time="0.007" />

      <testcase classname="OrderTest" name="testGetCurrentShareValue" time="0.002" />

      <testcase classname="OrderTest" name="testGetAndSetQuantityColumn" time="0.001" />

      <testcase classname="OrderTest" name="testGetOpeningPrice" time="0.0" />

      <testcase classname="OrderTest" name="testGetAndSetPriceColumn" time="0.014" />

      <testcase classname="OrderTest" name="testGetQuantity" time="0.0" />

      <testcase classname="OrderTest" name="testGetAndSetClosingPrice" time="0.0" />

      <testcase classname="OrderTest" name="testGetOrderType" time="0.001" />

      <testcase classname="OrderTest" name="testGetClient" time="0.001" />

      <testcase classname="OrderTest" name="testGetAndSetOrderTypeColumn" time="0.001" />

      <testcase classname="OrderTest" name="testGetAndSetClientColumn" time="0.0" />

      <testcase classname="OrderTest" name="testGetCompany" time="0.001" />

      <testcase classname="OrderTest" name="testFullyCompleted" time="0.001" />

      <testcase classname="OrderTest" name="testGetCompanyName" time="0.001" />

      <testcase classname="OrderTest" name="testGetAndSetCompanyColumn" time="0.001" />

      <system-out><![CDATA[]]></system-out>

      <system-err><![CDATA[]]></system-err>

  </testsuite>
  <testsuite errors="0" failures="0" hostname="Akin" id="4" name="RandomTraderTest" package="" skipped="0" tests="8" time="1.638" timestamp="2017-05-08T14:31:48">
      <properties>
[...]
</properties>

      <testcase classname="RandomTraderTest" name="testSwitchMode" time="0.005" />

      <testcase classname="RandomTraderTest" name="testGetMode" time="0.0" />

      <testcase classname="RandomTraderTest" name="testGetSetSellBuyRate" time="0.004" />

      <testcase classname="RandomTraderTest" name="testGetAndSetMode" time="0.002" />

      <testcase classname="RandomTraderTest" name="testGetOrderList" time="0.245" />

      <testcase classname="RandomTraderTest" name="testAddGetClient" time="0.002" />

      <testcase classname="RandomTraderTest" name="testNewCompleteOrder" time="0.014" />

      <testcase classname="RandomTraderTest" name="testSetGetTraderName" time="0.0" />

      <system-out><![CDATA[]]></system-out>

      <system-err><![CDATA[]]></system-err>

  </testsuite>
  <testsuite errors="0" failures="0" hostname="Akin" id="5" name="SharesTest" package="" skipped="0" tests="7" time="0.83" timestamp="2017-05-08T14:31:54">
      <properties>
[...]
</properties>

      <testcase classname="SharesTest" name="testGetPrice" time="0.004" />

      <testcase classname="SharesTest" name="testUpdatePrice" time="0.001" />

      <testcase classname="SharesTest" name="testUpdateSize" time="0.019" />

      <testcase classname="SharesTest" name="testGetSize" time="0.002" />

      <testcase classname="SharesTest" name="testGetShareValue" time="0.001" />

      <testcase classname="SharesTest" name="testUpdateShareValue" time="0.001" />

      <testcase classname="SharesTest" name="testGetCompanyName" time="0.002" />

      <system-out><![CDATA[]]></system-out>

      <system-err><![CDATA[]]></system-err>

  </testsuite>
  <testsuite errors="0" failures="0" hostname="Akin" id="6" name="SmartTraderTest" package="" skipped="0" tests="6" time="1.229" timestamp="2017-05-08T14:31:59">
      <properties>
[...]
</properties>

      <testcase classname="SmartTraderTest" name="testGetMode" time="0.006" />

      <testcase classname="SmartTraderTest" name="testGetSetSellBuyRate" time="0.0" />

      <testcase classname="SmartTraderTest" name="testGetOrderList" time="0.232" />

      <testcase classname="SmartTraderTest" name="testAddGetClient" time="0.002" />

      <testcase classname="SmartTraderTest" name="testNewCompleteOrder" time="0.004" />

      <testcase classname="SmartTraderTest" name="testSetGetTraderName" time="0.001" />

      <system-out><![CDATA[start new smartOrder
start new smartOrder
start new smartOrder
]]></system-out>

      <system-err><![CDATA[]]></system-err>

  </testsuite>
  <testsuite errors="0" failures="1" hostname="Akin" id="7" name="TradingExchangeTest" package="" skipped="0" tests="18" time="1.799" timestamp="2017-05-08T14:32:04">
      <properties>
[...]
</properties>

      <testcase classname="TradingExchangeTest" name="testGetAndSetCurrentClient" time="0.005" />

      <testcase classname="TradingExchangeTest" name="testGetTraders" time="0.0" />

      <testcase classname="TradingExchangeTest" name="testGetDate" time="0.002" />

      <testcase classname="TradingExchangeTest" name="testGetTime" time="0.001" />

      <testcase classname="TradingExchangeTest" name="testGetCompanies" time="0.001" />

      <testcase classname="TradingExchangeTest" name="testGetShareIndex" time="0.001" />

      <testcase classname="TradingExchangeTest" name="testIsCompanyTradeable" time="0.001" />

      <testcase classname="TradingExchangeTest" name="testUpdateShareIndex" time="0.225">
          <failure message="Values should be different. Actual: 2.395" type="junit.framework.AssertionFailedError">junit.framework.AssertionFailedError: Values should be different. Actual: 2.395
	at TradingExchangeTest.testUpdateShareIndex(TradingExchangeTest.java:165)
</failure>

      </testcase>

      <testcase classname="TradingExchangeTest" name="testSetUpCompanies" time="0.003" />

      <testcase classname="TradingExchangeTest" name="testMarketStatus" time="0.0" />

      <testcase classname="TradingExchangeTest" name="testGetEvents" time="0.001" />

      <testcase classname="TradingExchangeTest" name="testUpdateDateTime" time="0.0" />

      <testcase classname="TradingExchangeTest" name="testGetXChart" time="0.012" />

      <testcase classname="TradingExchangeTest" name="testSetUpClients" time="0.002" />

      <testcase classname="TradingExchangeTest" name="testCheckEndEvent" time="0.007" />

      <testcase classname="TradingExchangeTest" name="testIsMarketClosed" time="0.004" />

      <testcase classname="TradingExchangeTest" name="testSetUpEvents" time="0.005" />

      <testcase classname="TradingExchangeTest" name="testGetSmartTrader" time="0.0" />

      <system-out><![CDATA[2000.0
100000.0
start new smartOrder
2000.0
100000.0
start new smartOrder
2000.0
100000.0
2000.0
100000.0
2000.0
100000.0
2000.0
100000.0
2000.0
100000.0
2000.0
100000.0
2000.0
100000.0
2000.0
100000.0
2
]]></system-out>

      <system-err><![CDATA[]]></system-err>

  </testsuite>
</testsuites>
